
> senai-hub-app@1.0.0 web
> expo start --web --port 8083

env: load .env
env: export EXPO_PUBLIC_SUPABASE_URL EXPO_PUBLIC_SUPABASE_ANON_KEY EXPO_PUBLIC_CLOUDINARY_CLOUD_NAME EXPO_PUBLIC_CLOUDINARY_UPLOAD_PRESET EXPO_PUBLIC_SENAI_LATITUDE EXPO_PUBLIC_SENAI_LONGITUDE EXPO_PUBLIC_SENAI_RAIO_METROS EXPO_PUBLIC_DEV_TEST_EMAIL EXPO_PUBLIC_DEV_TEST_PASSWORD EXPO_PUBLIC_DEV_TEST_LABEL
Starting project at C:\Users\gabri\OneDrive\Desktop\Senai\3 TERMO-SENAI\Projeto\Projeto_3DEV\SenaiHub\Mobile\senai-hub-app
◇ injected env (0) from .env // tip: ◈ encrypted .env [www.dotenvx.com]
◇ injected env (0) from .env // tip: ⌘ suppress logs { quiet: true }
◇ injected env (0) from .env // tip: ⌘ enable debugging { debug: true }
◇ injected env (0) from .env // tip: ◈ secrets for agents [www.dotenvx.com]
React Compiler enabled
Starting Metro Bundler
◇ injected env (0) from .env // tip: ◈ encrypted .env [www.dotenvx.com]
◇ injected env (0) from .env // tip: ⌘ override existing { override: true }
◇ injected env (0) from .env // tip: ⌘ multiple files { path: ['.env.local', '.env'] }
◇ injected env (0) from .env // tip: ⌁ auth for agents [www.vestauth.com]
Waiting on http://localhost:8083
Logs for your project will appear below.
Web node_modules\expo-router\entry.js ▓░░░░░░░░░░░░░░░ 12.0% ( 89/257)
λ node_modules\expo-router\node\render.js ▓▓▓▓▓▓▓▓▓░░░░░░░ 59.5% (447/605)
Web node_modules\expo-router\entry.js ▓▓▓░░░░░░░░░░░░░ 23.8% (182/380)
λ node_modules\expo-router\node\render.js ▓▓▓▓▓▓▓▓▓░░░░░░░ 59.5% (447/605)
Web node_modules\expo-router\entry.js ▓▓▓▓▓▓░░░░░░░░░░ 39.7% (284/451)
λ node_modules\expo-router\node\render.js ▓▓▓▓▓▓▓▓▓░░░░░░░ 59.5% (472/632)
| ◇ injected env (0) from .env // tip: ◈ encrypted .env [www.dotenvx.com]
Web node_modules\expo-router\entry.js ▓▓▓▓▓▓░░░░░░░░░░ 39.7% (292/472)
λ node_modules\expo-router\node\render.js ▓▓▓▓▓▓▓▓▓▓░░░░░░ 68.6% (581/717)
Web node_modules\expo-router\entry.js ▓▓▓▓▓▓░░░░░░░░░░ 43.7% (318/481)
λ node_modules\expo-router\node\render.js ▓▓▓▓▓▓▓▓▓▓░░░░░░ 68.6% ( 603/2348)
| ◇ injected env (0) from .env // tip: ◈ encrypted .env [www.dotenvx.com]
Web node_modules\expo-router\entry.js ▓▓▓▓▓▓▓▓░░░░░░░░ 54.4% (461/625)
λ node_modules\expo-router\node\render.js ▓▓▓▓▓▓▓▓▓▓░░░░░░ 68.6% ( 613/2355)
Web node_modules\expo-router\entry.js ▓▓▓▓▓▓▓▓░░░░░░░░ 54.9% ( 471/2231)
λ node_modules\expo-router\node\render.js ▓▓▓▓▓▓▓▓▓▓░░░░░░ 68.6% ( 672/2407)
Web node_modules\expo-router\entry.js ▓▓▓▓▓▓▓▓░░░░░░░░ 54.9% ( 471/2231)
λ node_modules\expo-router\node\render.js ▓▓▓▓▓▓▓▓▓▓░░░░░░ 68.6% ( 908/2445)
Web node_modules\expo-router\entry.js ▓▓▓▓▓▓▓▓░░░░░░░░ 54.9% ( 471/2231)
λ node_modules\expo-router\node\render.js ▓▓▓▓▓▓▓▓▓▓░░░░░░ 68.6% (1275/2445)
Web node_modules\expo-router\entry.js ▓▓▓▓▓▓▓▓░░░░░░░░ 54.9% ( 471/2231)
λ node_modules\expo-router\node\render.js ▓▓▓▓▓▓▓▓▓▓░░░░░░ 68.6% (1645/2445)
Web node_modules\expo-router\entry.js ▓▓▓▓▓▓▓▓░░░░░░░░ 54.9% ( 471/2231)
λ node_modules\expo-router\node\render.js ▓▓▓▓▓▓▓▓▓▓░░░░░░ 68.6% (1957/2445)
Web node_modules\expo-router\entry.js ▓▓▓▓▓▓▓▓░░░░░░░░ 54.9% ( 471/2231)
λ node_modules\expo-router\node\render.js ▓▓▓▓▓▓▓▓▓▓▓▓▓░░░ 87.3% (2284/2445)
Web node_modules\expo-router\entry.js ▓▓▓▓▓▓▓▓░░░░░░░░ 54.9% ( 566/2326)
λ node_modules\expo-router\node\render.js ▓▓▓▓▓▓▓▓▓▓▓▓▓▓░░ 89.9% (2347/2484)
Web node_modules\expo-router\entry.js ▓▓▓▓▓▓▓▓░░░░░░░░ 54.9% ( 855/2384)
λ node_modules\expo-router\node\render.js ▓▓▓▓▓▓▓▓▓▓▓▓▓▓░░ 89.9% (2354/2489)
Web node_modules\expo-router\entry.js ▓▓▓▓▓▓▓▓░░░░░░░░ 54.9% (1321/2384)
λ node_modules\expo-router\node\render.js ▓▓▓▓▓▓▓▓▓▓▓▓▓▓░░ 89.9% (2354/2489)
Web node_modules\expo-router\entry.js ▓▓▓▓▓▓▓▓▓▓▓░░░░░ 73.6% (2045/2384)
λ node_modules\expo-router\node\render.js ▓▓▓▓▓▓▓▓▓▓▓▓▓▓░░ 89.9% (2354/2489)
Web node_modules\expo-router\entry.js ▓▓▓▓▓▓▓▓▓▓▓▓▓░░░ 87.4% (2234/2390)
λ node_modules\expo-router\node\render.js ▓▓▓▓▓▓▓▓▓▓▓▓▓▓░░ 90.3% (2431/2594)
Web node_modules\expo-router\entry.js ▓▓▓▓▓▓▓▓▓▓▓▓▓▓░░ 89.6% (2314/2495)
λ node_modules\expo-router\node\render.js ▓▓▓▓▓▓▓▓▓▓▓▓▓▓░░ 90.3% (2477/2617)
Web node_modules\expo-router\entry.js ▓▓▓▓▓▓▓▓▓▓▓▓▓▓░░ 89.6% (2376/2533)
λ node_modules\expo-router\node\render.js ▓▓▓▓▓▓▓▓▓▓▓▓▓▓░░ 90.3% (2485/2618)
Web node_modules\expo-router\entry.js ▓▓▓▓▓▓▓▓▓▓▓▓▓▓░░ 89.6% (2390/2537)
λ node_modules\expo-router\node\render.js ▓▓▓▓▓▓▓▓▓▓▓▓▓▓░░ 93.5% (2590/2678)
Web node_modules\expo-router\entry.js ▓▓▓▓▓▓▓▓▓▓▓▓▓▓░░ 89.6% (2407/2577)
λ node_modules\expo-router\node\render.js ▓▓▓▓▓▓▓▓▓▓▓▓▓▓░░ 93.7% (2618/2714)
Web node_modules\expo-router\entry.js ▓▓▓▓▓▓▓▓▓▓▓▓▓▓░░ 89.7% (2462/2599)
λ node_modules\expo-router\node\render.js ▓▓▓▓▓▓▓▓▓▓▓▓▓▓░░ 93.7% (2618/2714)
Web node_modules\expo-router\entry.js ▓▓▓▓▓▓▓▓▓▓▓▓▓▓░░ 92.4% (2500/2601)
λ node_modules\expo-router\node\render.js ▓▓▓▓▓▓▓▓▓▓▓▓▓▓░░ 93.7% (2618/2714)
Web node_modules\expo-router\entry.js ▓▓▓▓▓▓▓▓▓▓▓▓▓▓░░ 92.5% (2517/2629)
λ node_modules\expo-router\node\render.js ▓▓▓▓▓▓▓▓▓▓▓▓▓▓░░ 93.7% (2618/2714)
Web node_modules\expo-router\entry.js ▓▓▓▓▓▓▓▓▓▓▓▓▓▓░░ 92.5% (2537/2651)
λ node_modules\expo-router\node\render.js ▓▓▓▓▓▓▓▓▓▓▓▓▓▓▓░ 95.2% (2694/2765)
Web node_modules\expo-router\entry.js ▓▓▓▓▓▓▓▓▓▓▓▓▓▓░░ 93.0% (2604/2714)
λ node_modules\expo-router\node\render.js ▓▓▓▓▓▓▓▓▓▓▓▓▓▓▓░ 95.6% (2713/2775)
Web node_modules\expo-router\entry.js ▓▓▓▓▓▓▓▓▓▓▓▓▓▓▓░ 93.9% (2648/2733)
λ node_modules\expo-router\node\render.js ▓▓▓▓▓▓▓▓▓▓▓▓▓▓▓░ 97.6% (2770/2810)
Web node_modules\expo-router\entry.js ▓▓▓▓▓▓▓▓▓▓▓▓▓▓▓░ 97.4% (2743/2780)
λ node_modules\expo-router\node\render.js ▓▓▓▓▓▓▓▓▓▓▓▓▓▓▓░ 97.6% (2814/2860)
Web node_modules\expo-router\entry.js ▓▓▓▓▓▓▓▓▓▓▓▓▓▓▓░ 99.9% (2867/2868)
λ node_modules\expo-router\node\render.js ▓▓▓▓▓▓▓▓▓▓▓▓▓▓▓░ 99.6% (2887/2893)
λ Bundled 108322ms node_modules\expo-router\node\render.js (2893 modules)
Web node_modules\expo-router\entry.js ▓▓▓▓▓▓▓▓▓▓▓▓▓▓▓░ 99.9% (2868/2868)
Web Bundled 110786ms node_modules\expo-router\entry.js (2868 modules)
Web node_modules\expo-router\entry.js ░░░░░░░░░░░░░░░░  0.0% (0/1)
λ Bundled 142ms node_modules\expo-router\node\render.js (1 module)
Web Bundled 1844ms node_modules\expo-router\entry.js (1 module)
